[debug] [2023-07-10T21:53:46.955Z] ----------------------------------------------------------------------
[debug] [2023-07-10T21:53:46.957Z] Command:       C:\Program Files\nodejs\node.exe C:\Users\Dell\AppData\Roaming\npm\node_modules\firebase-tools\lib\bin\firebase.js login
[debug] [2023-07-10T21:53:46.957Z] CLI Version:   12.4.3
[debug] [2023-07-10T21:53:46.958Z] Platform:      win32
[debug] [2023-07-10T21:53:46.958Z] Node Version:  v16.13.2
[debug] [2023-07-10T21:53:46.959Z] Time:          Tue Jul 11 2023 02:53:46 GMT+0500 (Pakistan Standard Time)
[debug] [2023-07-10T21:53:46.959Z] ----------------------------------------------------------------------
[debug] 
[info] i  Firebase optionally collects CLI and Emulator Suite usage and error reporting information to help improve our products. Data is collected in accordance with Google's privacy policy (https://policies.google.com/privacy) and is not used to identify you.
 
[info] i  To change your data collection preference at any time, run `firebase logout` and log in again. 
[info] 
[info] Visit this URL on this device to log in:
[info] https://accounts.google.com/o/oauth2/auth?client_id=563584335869-fgrhgmd47bqnekij5i8b5pr03ho849e6.apps.googleusercontent.com&scope=email%20openid%20https%3A%2F%2Fwww.googleapis.com%2Fauth%2Fcloudplatformprojects.readonly%20https%3A%2F%2Fwww.googleapis.com%2Fauth%2Ffirebase%20https%3A%2F%2Fwww.googleapis.com%2Fauth%2Fcloud-platform&response_type=code&state=849612379&redirect_uri=http%3A%2F%2Flocalhost%3A9005
[info] 
[info] Waiting for authentication...
[debug] [2023-07-10T21:54:02.792Z] Unable to open URL: Error: spawn UNKNOWN
    at ChildProcess.spawn (node:internal/child_process:412:11)
    at Object.spawn (node:child_process:698:9)
    at module.exports (C:\Users\Dell\AppData\Roaming\npm\node_modules\firebase-tools\node_modules\open\index.js:114:34)
    at open (C:\Users\Dell\AppData\Roaming\npm\node_modules\firebase-tools\lib\auth.js:139:5)
    at Server.<anonymous> (C:\Users\Dell\AppData\Roaming\npm\node_modules\firebase-tools\lib\auth.js:371:13)
    at Object.onceWrapper (node:events:509:28)
    at Server.emit (node:events:390:28)
    at Server.emit (node:domain:475:12)
    at emitListeningNT (node:net:1368:10)
    at processTicksAndRejections (node:internal/process/task_queues:82:21)
